\BOOKMARK [0][-]{pre-frontmatter:cover.0}{\376\377\134\001\227\142}{}% 1
\BOOKMARK [0][-]{chapter*.1}{\376\377\144\130\211\201}{}% 2
\BOOKMARK [0][-]{chapter*.2}{\376\377\000A\000b\000s\000t\000r\000a\000c\000t}{}% 3
\BOOKMARK [0][-]{ch:toc.0}{\376\377\166\356\137\125}{}% 4
\BOOKMARK [0][-]{chapter.1}{\376\377\173\054\0001\172\340\000\040\000\040\176\352\213\272}{}% 5
\BOOKMARK [1][-]{section.1.1}{\376\377\0001\000.\000\040\0001\000\040\170\024\172\166\200\314\146\157\116\016\141\017\116\111}{chapter.1}% 6
\BOOKMARK [1][-]{section.1.2}{\376\377\0001\000.\000\040\0002\000\040\163\260\147\011\143\021\142\030}{chapter.1}% 7
\BOOKMARK [0][-]{chapter.2}{\376\377\173\054\0002\172\340\000\040\000\040\171\273\145\143\145\160\133\146\127\372\170\100}{}% 8
\BOOKMARK [1][-]{section.2.1}{\376\377\0002\000.\000\040\0001\000\040\126\376\166\204\127\372\147\054\133\232\116\111}{chapter.2}% 9
\BOOKMARK [1][-]{section.2.2}{\376\377\0002\000.\000\040\0002\000\040\133\120\126\376\116\016\124\014\147\204}{chapter.2}% 10
\BOOKMARK [2][-]{subsection.2.2.1}{\376\377\0002\000.\000\040\0002\000.\000\040\0001\000\040\133\120\126\376}{section.2.2}% 11
\BOOKMARK [2][-]{subsection.2.2.2}{\376\377\0002\000.\000\040\0002\000.\000\040\0002\000\040\126\376\124\014\147\204\377\032\176\323\147\204\166\204\173\111\116\367\140\047}{section.2.2}% 12
\BOOKMARK [2][-]{subsection.2.2.3}{\376\377\0002\000.\000\040\0002\000.\000\040\0003\000\040\133\120\126\376\124\014\147\204\116\016\126\376\123\071\221\115\225\356\230\230}{section.2.2}% 13
\BOOKMARK [1][-]{section.2.3}{\376\377\0002\000.\000\040\0003\000\040\126\376\177\026\217\221\215\335\171\273\000\040\000\050\000G\000r\000a\000p\000h\000\040\000E\000d\000i\000t\000\040\000D\000i\000s\000t\000a\000n\000c\000e\000,\000\040\000G\000E\000D\000\051}{chapter.2}% 14
\BOOKMARK [2][-]{subsection.2.3.1}{\376\377\0002\000.\000\040\0003\000.\000\040\0001\000\040\126\376\177\026\217\221\215\335\171\273\166\204\137\142\137\017\123\026\133\232\116\111}{section.2.3}% 15
\BOOKMARK [2][-]{subsection.2.3.2}{\376\377\0002\000.\000\040\0003\000.\000\040\0002\000\040\213\241\173\227\143\021\142\030\116\016\173\227\154\325\151\202\211\310}{section.2.3}% 16
\BOOKMARK [0][-]{chapter.3}{\376\377\173\054\0003\172\340\000\040\000\040\126\376\143\001\176\355\133\146\116\140\127\372\170\100}{}% 17
\BOOKMARK [1][-]{section.3.1}{\376\377\0003\000.\000\040\0001\000\040\143\001\176\355\133\146\116\140\166\204\150\070\137\303\151\202\137\365}{chapter.3}% 18
\BOOKMARK [1][-]{section.3.2}{\376\377\0003\000.\000\040\0002\000\040\126\376\145\160\143\156\166\204\143\001\176\355\133\146\116\140\127\072\146\157}{chapter.3}% 19
\BOOKMARK [0][-]{chapter.4}{\376\377\173\054\0004\172\340\000\040\000\040\127\372\116\216\000G\000E\000D\166\204\126\376\122\250\140\001\136\372\152\041}{}% 20
\BOOKMARK [1][-]{section.4.1}{\376\377\0004\000.\000\040\0001\000\040\122\250\140\001\157\024\123\026\166\204\221\317\123\026\152\041\127\213}{chapter.4}% 21
\BOOKMARK [1][-]{section.4.2}{\376\377\0004\000.\000\040\0002\000\040\122\250\140\001\136\372\152\041\173\126\165\145}{chapter.4}% 22
\BOOKMARK [2][-]{subsection.4.2.1}{\376\377\0004\000.\000\040\0002\000.\000\040\0001\000\040\173\126\165\145\116\000\377\032\127\372\116\216\000G\000E\000D\166\204\176\317\232\214\126\336\145\076}{section.4.2}% 23
\BOOKMARK [2][-]{subsection.4.2.2}{\376\377\0004\000.\000\040\0002\000.\000\040\0002\000\040\173\126\165\145\116\214\377\032\142\323\142\121\153\143\122\031\123\026}{section.4.2}% 24
\BOOKMARK [0][-]{chapter.5}{\376\377\173\054\0005\172\340\000\040\000\040\173\227\154\325\133\236\163\260\116\016\131\015\147\102\140\047\122\006\147\220}{}% 25
\BOOKMARK [1][-]{section.5.1}{\376\377\0005\000.\000\040\0001\000\040\217\321\117\074\213\241\173\227\117\030\123\026}{chapter.5}% 26
\BOOKMARK [1][-]{section.5.2}{\376\377\0005\000.\000\040\0002\000\040\173\227\154\325\155\101\172\013\143\317\217\360}{chapter.5}% 27
\BOOKMARK [0][-]{chapter.6}{\376\377\173\054\0006\172\340\000\040\000\040\140\073\176\323\116\016\134\125\147\033}{}% 28
\BOOKMARK [1][-]{section.6.1}{\376\377\0006\000.\000\040\0001\000\040\176\323\213\272}{chapter.6}% 29
\BOOKMARK [1][-]{section.6.2}{\376\377\0006\000.\000\040\0002\000\040\147\052\147\145\135\345\117\134}{chapter.6}% 30
\BOOKMARK [0][-]{chapter*.4}{\376\377\123\302\200\003\145\207\163\056}{}% 31
\BOOKMARK [0][-]{chapter*.5}{\376\377\226\104\137\125}{}% 32
\BOOKMARK [1][-]{section.A}{\376\377\226\104\137\125\000\040\000A\000\040\000L\000a\000T\000e\000X\163\257\130\203\166\204\133\211\210\305}{chapter*.5}% 33
\BOOKMARK [1][-]{section.B}{\376\377\226\104\137\125\000\040\000B\000\040\000B\000I\000T\000h\000e\000s\000i\000s\000\040\117\177\165\050\213\364\146\016}{chapter*.5}% 34
\BOOKMARK [0][-]{chapter*.6}{\376\377\201\364\214\042}{}% 35
